<?xml version="1.0" encoding="UTF-8"?>
<testsuite xmlns:xsi="http://www.w3.org/2001/XMLSchema-instance" xsi:noNamespaceSchemaLocation="https://maven.apache.org/surefire/maven-surefire-plugin/xsd/surefire-test-report-3.0.xsd" version="3.0" name="com.software.app.AppApplicationTests" time="7.57" tests="1" errors="0" skipped="0" failures="0">
  <properties>
[...]
</properties>
  <testcase name="contextLoads" classname="com.software.app.AppApplicationTests" time="1.227">
    <system-out><![CDATA[16:43:19.207 [main] INFO org.springframework.test.context.support.AnnotationConfigContextLoaderUtils -- Could not detect default configuration classes for test class [com.software.app.AppApplicationTests]: AppApplicationTests does not declare any static, non-private, non-final, nested classes annotated with @Configuration.
16:43:19.348 [main] INFO org.springframework.boot.test.context.SpringBootTestContextBootstrapper -- Found @SpringBootConfiguration com.software.app.AppApplication for test class com.software.app.AppApplicationTests

  .   ____          _            __ _ _
 /\\ / ___'_ __ _ _(_)_ __  __ _ \ \ \ \
( ( )\___ | '_ | '_| | '_ \/ _` | \ \ \ \
 \\/  ___)| |_)| | | | | || (_| |  ) ) ) )
  '  |____| .__|_| |_|_| |_\__, | / / / /
 =========|_|==============|___/=/_/_/_/

 :: Spring Boot ::                (v3.3.4)

2024-10-23T16:43:20.031-05:00  INFO 1136 --- [app] [           main] com.software.app.AppApplicationTests     : Starting AppApplicationTests using Java 17.0.8 with PID 1136 (started by josecordova in C:\fuentes\docker\app\app-spring-boot)
2024-10-23T16:43:20.033-05:00  INFO 1136 --- [app] [           main] com.software.app.AppApplicationTests     : No active profile set, falling back to 1 default profile: "default"
2024-10-23T16:43:21.537-05:00  INFO 1136 --- [app] [           main] .s.d.r.c.RepositoryConfigurationDelegate : Multiple Spring Data modules found, entering strict repository configuration mode
2024-10-23T16:43:21.540-05:00  INFO 1136 --- [app] [           main] .s.d.r.c.RepositoryConfigurationDelegate : Bootstrapping Spring Data R2DBC repositories in DEFAULT mode.
2024-10-23T16:43:21.817-05:00  INFO 1136 --- [app] [           main] .s.d.r.c.RepositoryConfigurationDelegate : Finished Spring Data repository scanning in 269 ms. Found 1 R2DBC repository interface.
2024-10-23T16:43:25.234-05:00  INFO 1136 --- [app] [           main] com.software.app.AppApplicationTests     : Started AppApplicationTests in 5.614 seconds (process running for 6.939)
]]></system-out>
  </testcase>
</testsuite>